# JRE version: OpenJDK Runtime Environment (11.0.11+9) (build 11.0.11+9-b60-7590822)
# Java VM: OpenJDK 64-Bit Server VM (11.0.11+9-b60-7590822, mixed mode, tiered, compressed oops, g1 gc, windows-amd64)
Heap:
 garbage-first heap   total 329728K, used 222331K [0x0000000080000000, 0x0000000100000000)
  region size 1024K, 2 young (2048K), 2 survivors (2048K)
 Metaspace       used 124814K, capacity 127518K, committed 127964K, reserved 1161216K
  class space    used 15380K, capacity 16379K, committed 16524K, reserved 1048576K
GC Heap History (20 events):
Event: 56.770 GC heap after
{Heap after GC invocations=37 (full 0):
 garbage-first heap   total 227328K, used 117494K [0x0000000080000000, 0x0000000100000000)
  region size 1024K, 1 young (1024K), 1 survivors (1024K)
 Metaspace       used 117538K, capacity 120072K, committed 120412K, reserved 1155072K
  class space    used 14221K, capacity 15127K, committed 15372K, reserved 1048576K
}
Event: 57.696 GC heap before
{Heap before GC invocations=37 (full 0):
 garbage-first heap   total 227328K, used 197366K [0x0000000080000000, 0x0000000100000000)
  region size 1024K, 60 young (61440K), 1 survivors (1024K)
 Metaspace       used 120608K, capacity 123221K, committed 123612K, reserved 1157120K
  class space    used 14640K, capacity 15614K, committed 15756K, reserved 1048576K
}
Event: 57.703 GC heap after
{Heap after GC invocations=38 (full 0):
 garbage-first heap   total 227328K, used 143717K [0x0000000080000000, 0x0000000100000000)
  region size 1024K, 8 young (8192K), 8 survivors (8192K)
 Metaspace       used 120608K, capacity 123221K, committed 123612K, reserved 1157120K
  class space    used 14640K, capacity 15614K, committed 15756K, reserved 1048576K
}
Event: 57.920 GC heap before
{Heap before GC invocations=39 (full 0):
 garbage-first heap   total 227328K, used 194917K [0x0000000080000000, 0x0000000100000000)
  region size 1024K, 50 young (51200K), 8 survivors (8192K)
 Metaspace       used 120848K, capacity 123424K, committed 123612K, reserved 1157120K
  class space    used 14664K, capacity 15617K, committed 15756K, reserved 1048576K
}
Event: 57.935 GC heap after
{Heap after GC invocations=40 (full 0):
 garbage-first heap   total 227328K, used 163734K [0x0000000080000000, 0x0000000100000000)
  region size 1024K, 7 young (7168K), 7 survivors (7168K)
 Metaspace       used 120848K, capacity 123424K, committed 123612K, reserved 1157120K
  class space    used 14664K, capacity 15617K, committed 15756K, reserved 1048576K
}
Event: 57.946 GC heap before
{Heap before GC invocations=40 (full 0):
 garbage-first heap   total 227328K, used 167830K [0x0000000080000000, 0x0000000100000000)
  region size 1024K, 11 young (11264K), 7 survivors (7168K)
 Metaspace       used 120849K, capacity 123424K, committed 123612K, reserved 1157120K
  class space    used 14664K, capacity 15617K, committed 15756K, reserved 1048576K
}
Event: 57.953 GC heap after
{Heap after GC invocations=41 (full 0):
 garbage-first heap   total 227328K, used 160589K [0x0000000080000000, 0x0000000100000000)
  region size 1024K, 2 young (2048K), 2 survivors (2048K)
 Metaspace       used 120849K, capacity 123424K, committed 123612K, reserved 1157120K
  class space    used 14664K, capacity 15617K, committed 15756K, reserved 1048576K
}
Event: 58.095 GC heap before
{Heap before GC invocations=41 (full 0):
 garbage-first heap   total 227328K, used 187213K [0x0000000080000000, 0x0000000100000000)
  region size 1024K, 27 young (27648K), 2 survivors (2048K)
 Metaspace       used 123113K, capacity 125898K, committed 126172K, reserved 1159168K
  class space    used 15181K, capacity 16222K, committed 16268K, reserved 1048576K
}
Event: 58.104 GC heap after
{Heap after GC invocations=42 (full 0):
 garbage-first heap   total 227328K, used 170985K [0x0000000080000000, 0x0000000100000000)
  region size 1024K, 4 young (4096K), 4 survivors (4096K)
 Metaspace       used 123113K, capacity 125898K, committed 126172K, reserved 1159168K
  class space    used 15181K, capacity 16222K, committed 16268K, reserved 1048576K
}
Event: 58.143 GC heap before
{Heap before GC invocations=42 (full 0):
 garbage-first heap   total 227328K, used 189417K [0x0000000080000000, 0x0000000100000000)
  region size 1024K, 22 young (22528K), 4 survivors (4096K)
 Metaspace       used 123191K, capacity 125978K, committed 126172K, reserved 1159168K
  class space    used 15186K, capacity 16226K, committed 16268K, reserved 1048576K
}
Event: 58.151 GC heap after
{Heap after GC invocations=43 (full 0):
 garbage-first heap   total 227328K, used 180224K [0x0000000080000000, 0x0000000100000000)
  region size 1024K, 3 young (3072K), 3 survivors (3072K)
 Metaspace       used 123191K, capacity 125978K, committed 126172K, reserved 1159168K
  class space    used 15186K, capacity 16226K, committed 16268K, reserved 1048576K
}
Event: 58.169 GC heap before
{Heap before GC invocations=43 (full 0):
 garbage-first heap   total 227328K, used 191488K [0x0000000080000000, 0x0000000100000000)
  region size 1024K, 15 young (15360K), 3 survivors (3072K)
 Metaspace       used 123209K, capacity 125978K, committed 126172K, reserved 1159168K
  class space    used 15186K, capacity 16226K, committed 16268K, reserved 1048576K
}
Event: 58.175 GC heap after
{Heap after GC invocations=44 (full 0):
 garbage-first heap   total 273408K, used 187031K [0x0000000080000000, 0x0000000100000000)
  region size 1024K, 2 young (2048K), 2 survivors (2048K)
 Metaspace       used 123209K, capacity 125978K, committed 126172K, reserved 1159168K
  class space    used 15186K, capacity 16226K, committed 16268K, reserved 1048576K
}
Event: 58.216 GC heap before
{Heap before GC invocations=44 (full 0):
 garbage-first heap   total 273408K, used 210583K [0x0000000080000000, 0x0000000100000000)
  region size 1024K, 26 young (26624K), 2 survivors (2048K)
 Metaspace       used 123227K, capacity 125981K, committed 126172K, reserved 1159168K
  class space    used 15186K, capacity 16226K, committed 16268K, reserved 1048576K
}
Event: 58.223 GC heap after
{Heap after GC invocations=45 (full 0):
 garbage-first heap   total 273408K, used 200249K [0x0000000080000000, 0x0000000100000000)
  region size 1024K, 4 young (4096K), 4 survivors (4096K)
 Metaspace       used 123227K, capacity 125981K, committed 126172K, reserved 1159168K
  class space    used 15186K, capacity 16226K, committed 16268K, reserved 1048576K
}
Event: 58.255 GC heap before
{Heap before GC invocations=45 (full 0):
 garbage-first heap   total 273408K, used 219705K [0x0000000080000000, 0x0000000100000000)
  region size 1024K, 23 young (23552K), 4 survivors (4096K)
 Metaspace       used 123228K, capacity 125981K, committed 126172K, reserved 1159168K
  class space    used 15186K, capacity 16226K, committed 16268K, reserved 1048576K
}
Event: 58.269 GC heap after
{Heap after GC invocations=46 (full 0):
 garbage-first heap   total 273408K, used 211092K [0x0000000080000000, 0x0000000100000000)
  region size 1024K, 3 young (3072K), 3 survivors (3072K)
 Metaspace       used 123228K, capacity 125981K, committed 126172K, reserved 1159168K
  class space    used 15186K, capacity 16226K, committed 16268K, reserved 1048576K
}
Event: 58.309 GC heap before
{Heap before GC invocations=46 (full 0):
 garbage-first heap   total 273408K, used 225428K [0x0000000080000000, 0x0000000100000000)
  region size 1024K, 18 young (18432K), 3 survivors (3072K)
 Metaspace       used 123229K, capacity 125981K, committed 126172K, reserved 1159168K
  class space    used 15186K, capacity 16226K, committed 16268K, reserved 1048576K
}
Event: 58.316 GC heap after
{Heap after GC invocations=47 (full 0):
 garbage-first heap   total 273408K, used 219298K [0x0000000080000000, 0x0000000100000000)
  region size 1024K, 3 young (3072K), 3 survivors (3072K)
 Metaspace       used 123229K, capacity 125981K, committed 126172K, reserved 1159168K
  class space    used 15186K, capacity 16226K, committed 16268K, reserved 1048576K
}
Event: 58.503 GC heap before
{Heap before GC invocations=48 (full 0):
 garbage-first heap   total 273408K, used 230562K [0x0000000080000000, 0x0000000100000000)
  region size 1024K, 14 young (14336K), 3 survivors (3072K)
 Metaspace       used 124814K, capacity 127518K, committed 127964K, reserved 1161216K
  class space    used 15380K, capacity 16379K, committed 16524K, reserved 1048576K
}

