# JRE version: OpenJDK Runtime Environment (11.0.11+9) (build 11.0.11+9-b60-7590822)
# Java VM: OpenJDK 64-Bit Server VM (11.0.11+9-b60-7590822, mixed mode, tiered, compressed oops, g1 gc, windows-amd64)
Heap:
 garbage-first heap   total 559104K, used 258484K [0x0000000080000000, 0x0000000100000000)
  region size 1024K, 2 young (2048K), 2 survivors (2048K)
 Metaspace       used 120675K, capacity 123461K, committed 123816K, reserved 1157120K
  class space    used 15029K, capacity 16089K, committed 16332K, reserved 1048576K
GC Heap History (20 events):
Event: 24.545 GC heap after
{Heap after GC invocations=31 (full 0):
 garbage-first heap   total 227328K, used 192183K [0x0000000080000000, 0x0000000100000000)
  region size 1024K, 2 young (2048K), 2 survivors (2048K)
 Metaspace       used 118838K, capacity 121651K, committed 122152K, reserved 1155072K
  class space    used 14877K, capacity 15916K, committed 16204K, reserved 1048576K
}
Event: 24.560 GC heap before
{Heap before GC invocations=31 (full 0):
 garbage-first heap   total 227328K, used 201399K [0x0000000080000000, 0x0000000100000000)
  region size 1024K, 11 young (11264K), 2 survivors (2048K)
 Metaspace       used 118838K, capacity 121651K, committed 122152K, reserved 1155072K
  class space    used 14877K, capacity 15916K, committed 16204K, reserved 1048576K
}
Event: 24.563 GC heap after
{Heap after GC invocations=32 (full 0):
 garbage-first heap   total 227328K, used 202098K [0x0000000080000000, 0x0000000100000000)
  region size 1024K, 2 young (2048K), 2 survivors (2048K)
 Metaspace       used 118838K, capacity 121651K, committed 122152K, reserved 1155072K
  class space    used 14877K, capacity 15916K, committed 16204K, reserved 1048576K
}
Event: 24.572 GC heap before
{Heap before GC invocations=32 (full 0):
 garbage-first heap   total 227328K, used 211314K [0x0000000080000000, 0x0000000100000000)
  region size 1024K, 11 young (11264K), 2 survivors (2048K)
 Metaspace       used 118838K, capacity 121651K, committed 122152K, reserved 1155072K
  class space    used 14877K, capacity 15916K, committed 16204K, reserved 1048576K
}
Event: 24.577 GC heap after
{Heap after GC invocations=33 (full 0):
 garbage-first heap   total 227328K, used 212238K [0x0000000080000000, 0x0000000100000000)
  region size 1024K, 2 young (2048K), 2 survivors (2048K)
 Metaspace       used 118838K, capacity 121651K, committed 122152K, reserved 1155072K
  class space    used 14877K, capacity 15916K, committed 16204K, reserved 1048576K
}
Event: 24.589 GC heap before
{Heap before GC invocations=33 (full 0):
 garbage-first heap   total 227328K, used 221454K [0x0000000080000000, 0x0000000100000000)
  region size 1024K, 11 young (11264K), 2 survivors (2048K)
 Metaspace       used 118838K, capacity 121651K, committed 122152K, reserved 1155072K
  class space    used 14877K, capacity 15916K, committed 16204K, reserved 1048576K
}
Event: 24.594 GC heap after
{Heap after GC invocations=34 (full 0):
 garbage-first heap   total 233472K, used 222208K [0x0000000080000000, 0x0000000100000000)
  region size 1024K, 2 young (2048K), 2 survivors (2048K)
 Metaspace       used 118838K, capacity 121651K, committed 122152K, reserved 1155072K
  class space    used 14877K, capacity 15916K, committed 16204K, reserved 1048576K
}
Event: 24.633 GC heap before
{Heap before GC invocations=34 (full 0):
 garbage-first heap   total 233472K, used 231424K [0x0000000080000000, 0x0000000100000000)
  region size 1024K, 11 young (11264K), 2 survivors (2048K)
 Metaspace       used 118866K, capacity 121651K, committed 122152K, reserved 1155072K
  class space    used 14877K, capacity 15916K, committed 16204K, reserved 1048576K
}
Event: 24.638 GC heap after
{Heap after GC invocations=35 (full 0):
 garbage-first heap   total 237568K, used 226304K [0x0000000080000000, 0x0000000100000000)
  region size 1024K, 2 young (2048K), 2 survivors (2048K)
 Metaspace       used 118866K, capacity 121651K, committed 122152K, reserved 1155072K
  class space    used 14877K, capacity 15916K, committed 16204K, reserved 1048576K
}
Event: 24.692 GC heap before
{Heap before GC invocations=36 (full 0):
 garbage-first heap   total 237568K, used 235520K [0x0000000080000000, 0x0000000100000000)
  region size 1024K, 11 young (11264K), 2 survivors (2048K)
 Metaspace       used 118912K, capacity 121715K, committed 122408K, reserved 1155072K
  class space    used 14877K, capacity 15916K, committed 16204K, reserved 1048576K
}
Event: 24.695 GC heap after
{Heap after GC invocations=37 (full 0):
 garbage-first heap   total 245760K, used 233684K [0x0000000080000000, 0x0000000100000000)
  region size 1024K, 2 young (2048K), 2 survivors (2048K)
 Metaspace       used 118912K, capacity 121715K, committed 122408K, reserved 1155072K
  class space    used 14877K, capacity 15916K, committed 16204K, reserved 1048576K
}
Event: 24.712 GC heap before
{Heap before GC invocations=37 (full 0):
 garbage-first heap   total 245760K, used 243924K [0x0000000080000000, 0x0000000100000000)
  region size 1024K, 12 young (12288K), 2 survivors (2048K)
 Metaspace       used 118912K, capacity 121715K, committed 122408K, reserved 1155072K
  class space    used 14877K, capacity 15916K, committed 16204K, reserved 1048576K
}
Event: 24.716 GC heap after
{Heap after GC invocations=38 (full 0):
 garbage-first heap   total 309248K, used 244576K [0x0000000080000000, 0x0000000100000000)
  region size 1024K, 2 young (2048K), 2 survivors (2048K)
 Metaspace       used 118912K, capacity 121715K, committed 122408K, reserved 1155072K
  class space    used 14877K, capacity 15916K, committed 16204K, reserved 1048576K
}
Event: 24.741 GC heap before
{Heap before GC invocations=38 (full 0):
 garbage-first heap   total 309248K, used 256864K [0x0000000080000000, 0x0000000100000000)
  region size 1024K, 15 young (15360K), 2 survivors (2048K)
 Metaspace       used 118922K, capacity 121789K, committed 122408K, reserved 1155072K
  class space    used 14877K, capacity 15916K, committed 16204K, reserved 1048576K
}
Event: 24.744 GC heap after
{Heap after GC invocations=39 (full 0):
 garbage-first heap   total 309248K, used 258596K [0x0000000080000000, 0x0000000100000000)
  region size 1024K, 2 young (2048K), 2 survivors (2048K)
 Metaspace       used 118922K, capacity 121789K, committed 122408K, reserved 1155072K
  class space    used 14877K, capacity 15916K, committed 16204K, reserved 1048576K
}
Event: 24.756 GC heap before
{Heap before GC invocations=39 (full 0):
 garbage-first heap   total 309248K, used 271908K [0x0000000080000000, 0x0000000100000000)
  region size 1024K, 15 young (15360K), 2 survivors (2048K)
 Metaspace       used 118922K, capacity 121789K, committed 122408K, reserved 1155072K
  class space    used 14877K, capacity 15916K, committed 16204K, reserved 1048576K
}
Event: 24.763 GC heap after
{Heap after GC invocations=40 (full 0):
 garbage-first heap   total 309248K, used 272754K [0x0000000080000000, 0x0000000100000000)
  region size 1024K, 2 young (2048K), 2 survivors (2048K)
 Metaspace       used 118922K, capacity 121789K, committed 122408K, reserved 1155072K
  class space    used 14877K, capacity 15916K, committed 16204K, reserved 1048576K
}
Event: 24.792 GC heap before
{Heap before GC invocations=40 (full 0):
 garbage-first heap   total 309248K, used 286066K [0x0000000080000000, 0x0000000100000000)
  region size 1024K, 15 young (15360K), 2 survivors (2048K)
 Metaspace       used 119035K, capacity 121897K, committed 122408K, reserved 1155072K
  class space    used 14888K, capacity 15950K, committed 16204K, reserved 1048576K
}
Event: 24.795 GC heap after
{Heap after GC invocations=41 (full 0):
 garbage-first heap   total 309248K, used 278288K [0x0000000080000000, 0x0000000100000000)
  region size 1024K, 2 young (2048K), 2 survivors (2048K)
 Metaspace       used 119035K, capacity 121897K, committed 122408K, reserved 1155072K
  class space    used 14888K, capacity 15950K, committed 16204K, reserved 1048576K
}
Event: 25.096 GC heap before
{Heap before GC invocations=42 (full 0):
 garbage-first heap   total 309248K, used 270096K [0x0000000080000000, 0x0000000100000000)
  region size 1024K, 15 young (15360K), 2 survivors (2048K)
 Metaspace       used 120675K, capacity 123461K, committed 123816K, reserved 1157120K
  class space    used 15029K, capacity 16089K, committed 16332K, reserved 1048576K
}

