# JRE version: OpenJDK Runtime Environment (11.0.11+9) (build 11.0.11+9-b60-7590822)
# Java VM: OpenJDK 64-Bit Server VM (11.0.11+9-b60-7590822, mixed mode, tiered, compressed oops, g1 gc, windows-amd64)
Heap:
 garbage-first heap   total 227328K, used 150295K [0x0000000080000000, 0x0000000100000000)
  region size 1024K, 26 young (26624K), 3 survivors (3072K)
 Metaspace       used 112856K, capacity 115510K, committed 116136K, reserved 1150976K
  class space    used 13975K, capacity 14960K, committed 15308K, reserved 1048576K
GC Heap History (20 events):
Event: 9.872 GC heap before
{Heap before GC invocations=14 (full 0):
 garbage-first heap   total 227328K, used 174548K [0x0000000080000000, 0x0000000100000000)
  region size 1024K, 104 young (106496K), 14 survivors (14336K)
 Metaspace       used 91403K, capacity 94152K, committed 94364K, reserved 1130496K
  class space    used 11783K, capacity 12833K, committed 12876K, reserved 1048576K
}
Event: 9.881 GC heap after
{Heap after GC invocations=15 (full 0):
 garbage-first heap   total 227328K, used 90003K [0x0000000080000000, 0x0000000100000000)
  region size 1024K, 7 young (7168K), 7 survivors (7168K)
 Metaspace       used 91403K, capacity 94152K, committed 94364K, reserved 1130496K
  class space    used 11783K, capacity 12833K, committed 12876K, reserved 1048576K
}
Event: 10.471 GC heap before
{Heap before GC invocations=15 (full 0):
 garbage-first heap   total 227328K, used 178067K [0x0000000080000000, 0x0000000100000000)
  region size 1024K, 94 young (96256K), 7 survivors (7168K)
 Metaspace       used 95388K, capacity 98136K, committed 98204K, reserved 1134592K
  class space    used 12302K, capacity 13344K, committed 13388K, reserved 1048576K
}
Event: 10.477 GC heap after
{Heap after GC invocations=16 (full 0):
 garbage-first heap   total 227328K, used 93282K [0x0000000080000000, 0x0000000100000000)
  region size 1024K, 10 young (10240K), 10 survivors (10240K)
 Metaspace       used 95388K, capacity 98136K, committed 98204K, reserved 1134592K
  class space    used 12302K, capacity 13344K, committed 13388K, reserved 1048576K
}
Event: 11.934 GC heap before
{Heap before GC invocations=16 (full 0):
 garbage-first heap   total 227328K, used 180322K [0x0000000080000000, 0x0000000100000000)
  region size 1024K, 96 young (98304K), 10 survivors (10240K)
 Metaspace       used 96846K, capacity 99566K, committed 99740K, reserved 1136640K
  class space    used 12461K, capacity 13549K, committed 13644K, reserved 1048576K
}
Event: 11.941 GC heap after
{Heap after GC invocations=17 (full 0):
 garbage-first heap   total 227328K, used 100017K [0x0000000080000000, 0x0000000100000000)
  region size 1024K, 12 young (12288K), 12 survivors (12288K)
 Metaspace       used 96846K, capacity 99566K, committed 99740K, reserved 1136640K
  class space    used 12461K, capacity 13549K, committed 13644K, reserved 1048576K
}
Event: 12.248 GC heap before
{Heap before GC invocations=17 (full 0):
 garbage-first heap   total 227328K, used 151217K [0x0000000080000000, 0x0000000100000000)
  region size 1024K, 64 young (65536K), 12 survivors (12288K)
 Metaspace       used 98002K, capacity 100793K, committed 100892K, reserved 1136640K
  class space    used 12597K, capacity 13680K, committed 13772K, reserved 1048576K
}
Event: 12.259 GC heap after
{Heap after GC invocations=18 (full 0):
 garbage-first heap   total 227328K, used 101603K [0x0000000080000000, 0x0000000100000000)
  region size 1024K, 4 young (4096K), 4 survivors (4096K)
 Metaspace       used 98002K, capacity 100793K, committed 100892K, reserved 1136640K
  class space    used 12597K, capacity 13680K, committed 13772K, reserved 1048576K
}
Event: 81.862 GC heap before
{Heap before GC invocations=19 (full 0):
 garbage-first heap   total 227328K, used 183523K [0x0000000080000000, 0x0000000100000000)
  region size 1024K, 85 young (87040K), 4 survivors (4096K)
 Metaspace       used 105651K, capacity 108221K, committed 108968K, reserved 1144832K
  class space    used 13260K, capacity 14165K, committed 14540K, reserved 1048576K
}
Event: 81.866 GC heap after
{Heap after GC invocations=20 (full 0):
 garbage-first heap   total 227328K, used 104855K [0x0000000080000000, 0x0000000100000000)
  region size 1024K, 7 young (7168K), 7 survivors (7168K)
 Metaspace       used 105651K, capacity 108221K, committed 108968K, reserved 1144832K
  class space    used 13260K, capacity 14165K, committed 14540K, reserved 1048576K
}
Event: 97.310 GC heap before
{Heap before GC invocations=21 (full 0):
 garbage-first heap   total 227328K, used 186707K [0x0000000080000000, 0x0000000100000000)
  region size 1024K, 86 young (88064K), 7 survivors (7168K)
 Metaspace       used 107001K, capacity 109663K, committed 110376K, reserved 1144832K
  class space    used 13346K, capacity 14321K, committed 14668K, reserved 1048576K
}
Event: 97.322 GC heap after
{Heap after GC invocations=22 (full 0):
 garbage-first heap   total 227328K, used 121830K [0x0000000080000000, 0x0000000100000000)
  region size 1024K, 11 young (11264K), 11 survivors (11264K)
 Metaspace       used 107001K, capacity 109663K, committed 110376K, reserved 1144832K
  class space    used 13346K, capacity 14321K, committed 14668K, reserved 1048576K
}
Event: 97.728 GC heap before
{Heap before GC invocations=22 (full 0):
 garbage-first heap   total 227328K, used 151526K [0x0000000080000000, 0x0000000100000000)
  region size 1024K, 42 young (43008K), 11 survivors (11264K)
 Metaspace       used 109526K, capacity 112152K, committed 112680K, reserved 1146880K
  class space    used 13657K, capacity 14619K, committed 14924K, reserved 1048576K
}
Event: 97.747 GC heap after
{Heap after GC invocations=23 (full 0):
 garbage-first heap   total 227328K, used 130832K [0x0000000080000000, 0x0000000100000000)
  region size 1024K, 8 young (8192K), 8 survivors (8192K)
 Metaspace       used 109526K, capacity 112152K, committed 112680K, reserved 1146880K
  class space    used 13657K, capacity 14619K, committed 14924K, reserved 1048576K
}
Event: 98.168 GC heap before
{Heap before GC invocations=24 (full 0):
 garbage-first heap   total 227328K, used 187152K [0x0000000080000000, 0x0000000100000000)
  region size 1024K, 49 young (50176K), 8 survivors (8192K)
 Metaspace       used 111924K, capacity 114617K, committed 115240K, reserved 1148928K
  class space    used 13875K, capacity 14854K, committed 15180K, reserved 1048576K
}
Event: 98.172 GC heap after
{Heap after GC invocations=25 (full 0):
 garbage-first heap   total 227328K, used 128476K [0x0000000080000000, 0x0000000100000000)
  region size 1024K, 2 young (2048K), 2 survivors (2048K)
 Metaspace       used 111924K, capacity 114617K, committed 115240K, reserved 1148928K
  class space    used 13875K, capacity 14854K, committed 15180K, reserved 1048576K
}
Event: 98.202 GC heap before
{Heap before GC invocations=25 (full 0):
 garbage-first heap   total 227328K, used 137692K [0x0000000080000000, 0x0000000100000000)
  region size 1024K, 11 young (11264K), 2 survivors (2048K)
 Metaspace       used 111942K, capacity 114617K, committed 115240K, reserved 1148928K
  class space    used 13875K, capacity 14854K, committed 15180K, reserved 1048576K
}
Event: 98.206 GC heap after
{Heap after GC invocations=26 (full 0):
 garbage-first heap   total 227328K, used 126867K [0x0000000080000000, 0x0000000100000000)
  region size 1024K, 2 young (2048K), 2 survivors (2048K)
 Metaspace       used 111942K, capacity 114617K, committed 115240K, reserved 1148928K
  class space    used 13875K, capacity 14854K, committed 15180K, reserved 1048576K
}
Event: 98.278 GC heap before
{Heap before GC invocations=26 (full 0):
 garbage-first heap   total 227328K, used 133011K [0x0000000080000000, 0x0000000100000000)
  region size 1024K, 9 young (9216K), 2 survivors (2048K)
 Metaspace       used 112477K, capacity 115144K, committed 115880K, reserved 1150976K
  class space    used 13942K, capacity 14923K, committed 15308K, reserved 1048576K
}
Event: 98.280 GC heap after
{Heap after GC invocations=27 (full 0):
 garbage-first heap   total 227328K, used 127767K [0x0000000080000000, 0x0000000100000000)
  region size 1024K, 3 young (3072K), 3 survivors (3072K)
 Metaspace       used 112477K, capacity 115144K, committed 115880K, reserved 1150976K
  class space    used 13942K, capacity 14923K, committed 15308K, reserved 1048576K
}

